<?xml version="1.0" encoding="UTF-8"?>
<testng-results skipped="0" failed="0" ignored="0" total="1" passed="1">
  <reporter-output>
  </reporter-output>
  <suite name="Default suite" duration-ms="75739" started-at="2018-08-24T09:49:32Z" finished-at="2018-08-24T09:50:47Z">
    <groups>
    </groups>
    <test name="Default test" duration-ms="75739" started-at="2018-08-24T09:49:32Z" finished-at="2018-08-24T09:50:47Z">
      <class name="testScriptPack.screenshot">
        <test-method status="PASS" signature="guru99Screenshot()[pri:0, instance:testScriptPack.screenshot@68be2bc2]" name="guru99Screenshot" duration-ms="75501" started-at="2018-08-24T09:49:32Z" finished-at="2018-08-24T09:50:47Z">
          <reporter-output>
          </reporter-output>
        </test-method> <!-- guru99Screenshot -->
      </class> <!-- testScriptPack.screenshot -->
    </test> <!-- Default test -->
  </suite> <!-- Default suite -->
</testng-results>
